download loader ok
start to wait loader...
loader is ready
start to write uboot...
write uboot ok
write trust ok
start to write boot...
write boot ok
start to run system...
download loader ok
start to wait loader...
loader is ready
start to write uboot...
write uboot ok
write trust ok
start to write boot...
download loader ok
start to wait loader...
loader is ready
start to write uboot...
write uboot ok
write trust ok
start to write boot...
write boot ok
start to run system...
run system ok
download loader ok
start to wait loader...
loader is ready
start to write uboot...
write uboot ok
write trust ok
start to write boot...
write boot ok
start to run system...
run system ok
download loader ok
start to wait loader...
loader is ready
start to write uboot...
write uboot ok
write trust ok
start to write boot...
write boot ok
start to run system...
run system ok
download loader ok
start to wait loader...
loader is ready
start to write uboot...
write uboot ok
write trust ok
start to write boot...
write boot ok
start to run system...
run system ok
download loader ok
start to wait loader...
loader is ready
start to write uboot...
write uboot ok
write trust ok
start to write boot...
write boot ok
start to run system...
run system ok
download loader ok
start to wait loader...
loader is ready
start to write uboot...
write uboot ok
write trust ok
start to write boot...
write boot ok
start to run system...
run system ok
download loader ok
start to wait loader...
loader is ready
start to write uboot...
write uboot ok
write trust ok
start to write boot...
write boot ok
start to run system...
run system ok
download loader ok
start to wait loader...
loader is ready
start to write uboot...
write uboot ok
write trust ok
start to write boot...
write boot ok
start to run system...
run system ok
download loader ok
start to wait loader...
loader is ready
start to write uboot...
write uboot ok
write trust ok
start to write boot...
write boot ok
start to run system...
run system ok
download loader ok
start to wait loader...
loader is ready
start to write uboot...
write uboot ok
write trust ok
start to write boot...
write boot ok
start to run system...
run system ok
download loader ok
start to wait loader...
loader is ready
start to write uboot...
write uboot ok
write trust ok
start to write boot...
write boot ok
start to run system...
run system ok
download loader ok
start to wait loader...
loader is ready
start to write uboot...
write uboot ok
write trust ok
start to write boot...
write boot ok
start to run system...
run system ok
download loader ok
start to wait loader...
loader is ready
start to write uboot...
write uboot ok
write trust ok
start to write boot...
write boot ok
start to run system...
run system ok
download loader ok
start to wait loader...
loader is ready
start to write uboot...
write uboot ok
write trust ok
start to write boot...
write boot ok
start to run system...
run system ok
download loader ok
start to wait loader...
loader is ready
start to write uboot...
write uboot ok
write trust ok
start to write boot...
write boot ok
start to run system...
run system ok
